upload post api accessed at2023-05-01 06:36:46.019712 hours! - <QueryDict: {'description': ['wdemckwme'], 'post': [<InMemoryUploadedFile: 625599@2x.png (image/png)>]}>
/home/aashish/Desktop/talvido-app/talvido/talvido_app/api/api_post.py changed, reloading.
Watching for file changes with StatReloader
/home/aashish/Desktop/talvido-app/talvido/talvido_app/api/api_post.py changed, reloading.
Watching for file changes with StatReloader
/home/aashish/Desktop/talvido-app/talvido/talvido_app/api/api_post.py changed, reloading.
Watching for file changes with StatReloader
Unsupported Media Type: /api/user/posts/upload/
/home/aashish/Desktop/talvido-app/talvido/talvido_app/api/api_post.py changed, reloading.
Watching for file changes with StatReloader
Bad Request: /api/user/posts/upload/
/home/aashish/Desktop/talvido-app/talvido/talvido_app/api/api_post.py changed, reloading.
Watching for file changes with StatReloader
/home/aashish/Desktop/talvido-app/talvido/talvido_app/api/api_post.py changed, reloading.
Watching for file changes with StatReloader
/home/aashish/Desktop/talvido-app/talvido/talvido_app/api/api_post.py changed, reloading.
Watching for file changes with StatReloader
upload post api accessed at 2023-05-01 07:18:31.960277 hours!  - <QueryDict: {'description': ['wdemckwme'], 'post': [<InMemoryUploadedFile: 625599@2x.png (image/png)>]}>
/home/aashish/Desktop/talvido-app/talvido/talvido_app/api/api_post.py changed, reloading.
Watching for file changes with StatReloader
/home/aashish/Desktop/talvido-app/talvido/talvido_app/api/api_post.py changed, reloading.
Watching for file changes with StatReloader
/home/aashish/Desktop/talvido-app/talvido/talvido_app/api/api_post.py changed, reloading.
Watching for file changes with StatReloader
/home/aashish/Desktop/talvido-app/talvido/talvido_app/api/api_post.py changed, reloading.
Watching for file changes with StatReloader
/home/aashish/Desktop/talvido-app/talvido/talvido_app/api/api_post.py changed, reloading.
Watching for file changes with StatReloader
/home/aashish/Desktop/talvido-app/talvido/talvido_app/api/api_post.py changed, reloading.
Watching for file changes with StatReloader
upload post api accessed at 2023-05-01 10:47:38.228046 hours!  - <QueryDict: {'description': ['wdemckwme'], 'post': [<InMemoryUploadedFile: 625599@2x.png (image/png)>]}>
Internal Server Error: /api/user/posts/upload/
Traceback (most recent call last):
  File "/home/aashish/Desktop/talvido-app/env/lib/python3.8/site-packages/django/core/handlers/exception.py", line 55, in inner
    response = get_response(request)
  File "/home/aashish/Desktop/talvido-app/env/lib/python3.8/site-packages/django/core/handlers/base.py", line 220, in _get_response
    response = response.render()
  File "/home/aashish/Desktop/talvido-app/env/lib/python3.8/site-packages/django/template/response.py", line 111, in render
    self.content = self.rendered_content
  File "/home/aashish/Desktop/talvido-app/env/lib/python3.8/site-packages/rest_framework/response.py", line 70, in rendered_content
    ret = renderer.render(self.data, accepted_media_type, context)
  File "/home/aashish/Desktop/talvido-app/env/lib/python3.8/site-packages/rest_framework/renderers.py", line 99, in render
    ret = json.dumps(
  File "/home/aashish/Desktop/talvido-app/env/lib/python3.8/site-packages/rest_framework/utils/json.py", line 25, in dumps
    return json.dumps(*args, **kwargs)
  File "/usr/lib/python3.8/json/__init__.py", line 234, in dumps
    return cls(
  File "/usr/lib/python3.8/json/encoder.py", line 199, in encode
    chunks = self.iterencode(o, _one_shot=True)
  File "/usr/lib/python3.8/json/encoder.py", line 257, in iterencode
    return _iterencode(o, 0)
  File "/home/aashish/Desktop/talvido-app/env/lib/python3.8/site-packages/rest_framework/utils/encoders.py", line 50, in default
    return obj.decode()
UnicodeDecodeError: 'utf-8' codec can't decode byte 0x89 in position 0: invalid start byte
/home/aashish/Desktop/talvido-app/talvido/talvido_app/api/api_post.py changed, reloading.
Watching for file changes with StatReloader
/home/aashish/Desktop/talvido-app/talvido/talvido_app/api/api_post.py changed, reloading.
Watching for file changes with StatReloader
/home/aashish/Desktop/talvido-app/talvido/talvido_app/api/api_post.py changed, reloading.
Watching for file changes with StatReloader
upload post api accessed at 2023-05-01 11:08:41.197484 hours!  - <QueryDict: {'description': ['wdemckwme'], 'post': [<InMemoryUploadedFile: 625599@2x.png (image/png)>]}>
